::1 - - [28/Dec/2020:12:55:31 +0000] "GET / HTTP/1.1" 404 139 "-" "Mozilla/5.0 (X11; Linux x86_64) AppleWebKit/537.36 (KHTML, like Gecko) Chrome/87.0.4280.88 Safari/537.36"
::1 - - [28/Dec/2020:12:56:25 +0000] "GET / HTTP/1.1" 200 24 "-" "Mozilla/5.0 (X11; Linux x86_64) AppleWebKit/537.36 (KHTML, like Gecko) Chrome/87.0.4280.88 Safari/537.36"
::1 - - [28/Dec/2020:12:56:25 +0000] "GET /favicon.ico HTTP/1.1" 200 24 "http://localhost:3000/" "Mozilla/5.0 (X11; Linux x86_64) AppleWebKit/537.36 (KHTML, like Gecko) Chrome/87.0.4280.88 Safari/537.36"
::1 - - [28/Dec/2020:13:56:26 +0000] "GET / HTTP/1.1" 304 - "-" "Mozilla/5.0 (X11; Linux x86_64) AppleWebKit/537.36 (KHTML, like Gecko) Chrome/87.0.4280.88 Safari/537.36"
::1 - - [28/Dec/2020:13:56:26 +0000] "GET /favicon.ico HTTP/1.1" 404 150 "http://localhost:3000/" "Mozilla/5.0 (X11; Linux x86_64) AppleWebKit/537.36 (KHTML, like Gecko) Chrome/87.0.4280.88 Safari/537.36"
::1 - - [28/Dec/2020:13:56:29 +0000] "GET /tweets HTTP/1.1" 200 33 "-" "Mozilla/5.0 (X11; Linux x86_64) AppleWebKit/537.36 (KHTML, like Gecko) Chrome/87.0.4280.88 Safari/537.36"
::1 - - [28/Dec/2020:14:02:40 +0000] "GET /tweets HTTP/1.1" 304 - "-" "Mozilla/5.0 (X11; Linux x86_64) AppleWebKit/537.36 (KHTML, like Gecko) Chrome/87.0.4280.88 Safari/537.36"
::1 - - [28/Dec/2020:14:02:43 +0000] "GET / HTTP/1.1" 304 - "-" "Mozilla/5.0 (X11; Linux x86_64) AppleWebKit/537.36 (KHTML, like Gecko) Chrome/87.0.4280.88 Safari/537.36"
::1 - - [28/Dec/2020:14:16:31 +0000] "GET /tweets HTTP/1.1" 200 1262 "-" "Mozilla/5.0 (X11; Linux x86_64) AppleWebKit/537.36 (KHTML, like Gecko) Chrome/87.0.4280.88 Safari/537.36"
::1 - - [28/Dec/2020:14:24:54 +0000] "GET /tweets HTTP/1.1" 200 1227 "-" "Mozilla/5.0 (X11; Linux x86_64) AppleWebKit/537.36 (KHTML, like Gecko) Chrome/87.0.4280.88 Safari/537.36"
::1 - - [28/Dec/2020:14:25:08 +0000] "GET / HTTP/1.1" 304 - "-" "Mozilla/5.0 (X11; Linux x86_64) AppleWebKit/537.36 (KHTML, like Gecko) Chrome/87.0.4280.88 Safari/537.36"
::1 - - [28/Dec/2020:14:25:11 +0000] "GET /users/Facu%20Palacio HTTP/1.1" 200 117 "-" "Mozilla/5.0 (X11; Linux x86_64) AppleWebKit/537.36 (KHTML, like Gecko) Chrome/87.0.4280.88 Safari/537.36"
::1 - - [28/Dec/2020:14:26:50 +0000] "GET /tweets HTTP/1.1" 200 1314 "-" "Mozilla/5.0 (X11; Linux x86_64) AppleWebKit/537.36 (KHTML, like Gecko) Chrome/87.0.4280.88 Safari/537.36"
::1 - - [28/Dec/2020:14:30:40 +0000] "GET /tweets/2 HTTP/1.1" 200 136 "-" "Mozilla/5.0 (X11; Linux x86_64) AppleWebKit/537.36 (KHTML, like Gecko) Chrome/87.0.4280.88 Safari/537.36"
::1 - - [28/Dec/2020:14:37:43 +0000] "GET /tweets/2 HTTP/1.1" 200 136 "-" "PostmanRuntime/7.26.8"
::1 - - [28/Dec/2020:14:37:49 +0000] "GET /tweets HTTP/1.1" 200 1314 "-" "PostmanRuntime/7.26.8"
::1 - - [28/Dec/2020:14:37:53 +0000] "POST /tweets HTTP/1.1" 200 25 "-" "PostmanRuntime/7.26.8"
::1 - - [28/Dec/2020:14:42:38 +0000] "POST /tweets HTTP/1.1" 200 2 "-" "PostmanRuntime/7.26.8"
::1 - - [28/Dec/2020:14:44:12 +0000] "POST /tweets HTTP/1.1" 200 25 "-" "PostmanRuntime/7.26.8"
::1 - - [28/Dec/2020:14:44:37 +0000] "POST /tweets HTTP/1.1" 200 25 "-" "PostmanRuntime/7.26.8"
::1 - - [28/Dec/2020:14:46:43 +0000] "POST /tweets HTTP/1.1" 200 44 "-" "PostmanRuntime/7.26.8"
::1 - - [28/Dec/2020:14:51:26 +0000] "POST /tweets HTTP/1.1" 200 66 "-" "PostmanRuntime/7.26.8"
::1 - - [28/Dec/2020:14:51:30 +0000] "GET /tweets HTTP/1.1" 200 1407 "-" "PostmanRuntime/7.26.8"
::1 - - [28/Dec/2020:14:52:01 +0000] "GET /tweets HTTP/1.1" 200 1304 "-" "PostmanRuntime/7.26.8"
::1 - - [28/Dec/2020:14:52:14 +0000] "POST /tweets HTTP/1.1" 500 1210 "-" "PostmanRuntime/7.26.8"
::1 - - [28/Dec/2020:14:52:51 +0000] "POST /tweets HTTP/1.1" 200 14 "-" "PostmanRuntime/7.26.8"
::1 - - [28/Dec/2020:14:52:57 +0000] "GET /tweets HTTP/1.1" 200 1418 "-" "PostmanRuntime/7.26.8"
::1 - - [28/Dec/2020:14:53:19 +0000] "POST /tweets HTTP/1.1" 200 14 "-" "PostmanRuntime/7.26.8"
::1 - - [28/Dec/2020:14:53:25 +0000] "GET /tweets HTTP/1.1" 200 1410 "-" "PostmanRuntime/7.26.8"
::1 - - [29/Dec/2020:02:17:43 +0000] "GET /tweets HTTP/1.1" 200 1345 "-" "Mozilla/5.0 (X11; Linux x86_64) AppleWebKit/537.36 (KHTML, like Gecko) Chrome/87.0.4280.88 Safari/537.36"
::1 - - [29/Dec/2020:02:17:43 +0000] "GET /favicon.ico HTTP/1.1" 404 150 "http://localhost:3000/tweets" "Mozilla/5.0 (X11; Linux x86_64) AppleWebKit/537.36 (KHTML, like Gecko) Chrome/87.0.4280.88 Safari/537.36"
::1 - - [29/Dec/2020:02:20:40 +0000] "GET /tweets HTTP/1.1" 200 1299 "-" "Mozilla/5.0 (X11; Linux x86_64) AppleWebKit/537.36 (KHTML, like Gecko) Chrome/87.0.4280.88 Safari/537.36"
::1 - - [29/Dec/2020:02:20:50 +0000] "GET /users/Santi%20Palacio HTTP/1.1" 200 266 "-" "Mozilla/5.0 (X11; Linux x86_64) AppleWebKit/537.36 (KHTML, like Gecko) Chrome/87.0.4280.88 Safari/537.36"
::1 - - [29/Dec/2020:14:03:41 +0000] "GET /stylesheets/style.css HTTP/1.1" 200 966 "-" "Mozilla/5.0 (X11; Linux x86_64) AppleWebKit/537.36 (KHTML, like Gecko) Chrome/87.0.4280.88 Safari/537.36"
::1 - - [29/Dec/2020:14:03:41 +0000] "GET /favicon.ico HTTP/1.1" 404 150 "http://localhost:3000/stylesheets/style.css" "Mozilla/5.0 (X11; Linux x86_64) AppleWebKit/537.36 (KHTML, like Gecko) Chrome/87.0.4280.88 Safari/537.36"
::1 - - [29/Dec/2020:14:07:39 +0000] "GET /tweets HTTP/1.1" 200 4646 "-" "Mozilla/5.0 (X11; Linux x86_64) AppleWebKit/537.36 (KHTML, like Gecko) Chrome/87.0.4280.88 Safari/537.36"
::1 - - [29/Dec/2020:14:07:39 +0000] "GET /stylesheets/style.css HTTP/1.1" 304 - "http://localhost:3000/tweets" "Mozilla/5.0 (X11; Linux x86_64) AppleWebKit/537.36 (KHTML, like Gecko) Chrome/87.0.4280.88 Safari/537.36"
::1 - - [29/Dec/2020:14:09:27 +0000] "GET /tweets HTTP/1.1" 200 5239 "-" "Mozilla/5.0 (X11; Linux x86_64) AppleWebKit/537.36 (KHTML, like Gecko) Chrome/87.0.4280.88 Safari/537.36"
::1 - - [29/Dec/2020:14:09:27 +0000] "GET /stylesheets/style.css HTTP/1.1" 304 - "http://localhost:3000/tweets" "Mozilla/5.0 (X11; Linux x86_64) AppleWebKit/537.36 (KHTML, like Gecko) Chrome/87.0.4280.88 Safari/537.36"
::1 - - [29/Dec/2020:14:12:06 +0000] "GET /tweets HTTP/1.1" 200 5693 "-" "Mozilla/5.0 (X11; Linux x86_64) AppleWebKit/537.36 (KHTML, like Gecko) Chrome/87.0.4280.88 Safari/537.36"
::1 - - [29/Dec/2020:14:12:06 +0000] "GET /stylesheets/style.css HTTP/1.1" 304 - "http://localhost:3000/tweets" "Mozilla/5.0 (X11; Linux x86_64) AppleWebKit/537.36 (KHTML, like Gecko) Chrome/87.0.4280.88 Safari/537.36"
::1 - - [29/Dec/2020:14:12:07 +0000] "GET /users/Guille%20Sainz HTTP/1.1" 200 262 "http://localhost:3000/tweets" "Mozilla/5.0 (X11; Linux x86_64) AppleWebKit/537.36 (KHTML, like Gecko) Chrome/87.0.4280.88 Safari/537.36"
::1 - - [29/Dec/2020:14:12:46 +0000] "GET /tweets HTTP/1.1" 200 5933 "-" "Mozilla/5.0 (X11; Linux x86_64) AppleWebKit/537.36 (KHTML, like Gecko) Chrome/87.0.4280.88 Safari/537.36"
::1 - - [29/Dec/2020:14:12:46 +0000] "GET /stylesheets/style.css HTTP/1.1" 304 - "http://localhost:3000/tweets" "Mozilla/5.0 (X11; Linux x86_64) AppleWebKit/537.36 (KHTML, like Gecko) Chrome/87.0.4280.88 Safari/537.36"
::1 - - [29/Dec/2020:14:12:47 +0000] "GET /tweets/0 HTTP/1.1" 200 134 "http://localhost:3000/tweets" "Mozilla/5.0 (X11; Linux x86_64) AppleWebKit/537.36 (KHTML, like Gecko) Chrome/87.0.4280.88 Safari/537.36"
::1 - - [29/Dec/2020:14:13:59 +0000] "GET /tweets HTTP/1.1" 200 5920 "-" "Mozilla/5.0 (X11; Linux x86_64) AppleWebKit/537.36 (KHTML, like Gecko) Chrome/87.0.4280.88 Safari/537.36"
::1 - - [29/Dec/2020:14:13:59 +0000] "GET /stylesheets/style.css HTTP/1.1" 304 - "http://localhost:3000/tweets" "Mozilla/5.0 (X11; Linux x86_64) AppleWebKit/537.36 (KHTML, like Gecko) Chrome/87.0.4280.88 Safari/537.36"
::1 - - [29/Dec/2020:14:14:00 +0000] "GET /tweets/0 HTTP/1.1" 200 3735 "http://localhost:3000/tweets" "Mozilla/5.0 (X11; Linux x86_64) AppleWebKit/537.36 (KHTML, like Gecko) Chrome/87.0.4280.88 Safari/537.36"
::1 - - [29/Dec/2020:14:14:00 +0000] "GET /stylesheets/style.css HTTP/1.1" 304 - "http://localhost:3000/tweets/0" "Mozilla/5.0 (X11; Linux x86_64) AppleWebKit/537.36 (KHTML, like Gecko) Chrome/87.0.4280.88 Safari/537.36"
::1 - - [29/Dec/2020:14:14:03 +0000] "GET /tweets/3 HTTP/1.1" 200 3741 "http://localhost:3000/tweets" "Mozilla/5.0 (X11; Linux x86_64) AppleWebKit/537.36 (KHTML, like Gecko) Chrome/87.0.4280.88 Safari/537.36"
::1 - - [29/Dec/2020:14:14:03 +0000] "GET /stylesheets/style.css HTTP/1.1" 304 - "http://localhost:3000/tweets/3" "Mozilla/5.0 (X11; Linux x86_64) AppleWebKit/537.36 (KHTML, like Gecko) Chrome/87.0.4280.88 Safari/537.36"
::1 - - [29/Dec/2020:14:14:07 +0000] "GET /tweets/6 HTTP/1.1" 200 3730 "http://localhost:3000/tweets" "Mozilla/5.0 (X11; Linux x86_64) AppleWebKit/537.36 (KHTML, like Gecko) Chrome/87.0.4280.88 Safari/537.36"
::1 - - [29/Dec/2020:14:14:07 +0000] "GET /stylesheets/style.css HTTP/1.1" 304 - "http://localhost:3000/tweets/6" "Mozilla/5.0 (X11; Linux x86_64) AppleWebKit/537.36 (KHTML, like Gecko) Chrome/87.0.4280.88 Safari/537.36"
::1 - - [29/Dec/2020:14:15:25 +0000] "GET /tweets HTTP/1.1" 200 5899 "-" "Mozilla/5.0 (X11; Linux x86_64) AppleWebKit/537.36 (KHTML, like Gecko) Chrome/87.0.4280.88 Safari/537.36"
::1 - - [29/Dec/2020:14:15:25 +0000] "GET /stylesheets/style.css HTTP/1.1" 304 - "http://localhost:3000/tweets" "Mozilla/5.0 (X11; Linux x86_64) AppleWebKit/537.36 (KHTML, like Gecko) Chrome/87.0.4280.88 Safari/537.36"
::1 - - [29/Dec/2020:14:15:26 +0000] "GET /users/Pinki%20Ecma HTTP/1.1" 200 3736 "http://localhost:3000/tweets" "Mozilla/5.0 (X11; Linux x86_64) AppleWebKit/537.36 (KHTML, like Gecko) Chrome/87.0.4280.88 Safari/537.36"
::1 - - [29/Dec/2020:14:15:26 +0000] "GET /stylesheets/style.css HTTP/1.1" 304 - "http://localhost:3000/users/Pinki%20Ecma" "Mozilla/5.0 (X11; Linux x86_64) AppleWebKit/537.36 (KHTML, like Gecko) Chrome/87.0.4280.88 Safari/537.36"
::1 - - [29/Dec/2020:14:15:28 +0000] "GET /tweets/0 HTTP/1.1" 200 3736 "http://localhost:3000/users/Pinki%20Ecma" "Mozilla/5.0 (X11; Linux x86_64) AppleWebKit/537.36 (KHTML, like Gecko) Chrome/87.0.4280.88 Safari/537.36"
::1 - - [29/Dec/2020:14:15:28 +0000] "GET /stylesheets/style.css HTTP/1.1" 304 - "http://localhost:3000/tweets/0" "Mozilla/5.0 (X11; Linux x86_64) AppleWebKit/537.36 (KHTML, like Gecko) Chrome/87.0.4280.88 Safari/537.36"
::1 - - [29/Dec/2020:14:28:42 +0000] "GET /tweets HTTP/1.1" 200 6065 "-" "Mozilla/5.0 (X11; Linux x86_64) AppleWebKit/537.36 (KHTML, like Gecko) Chrome/87.0.4280.88 Safari/537.36"
::1 - - [29/Dec/2020:14:28:42 +0000] "GET /stylesheets/style.css HTTP/1.1" 304 - "http://localhost:3000/tweets" "Mozilla/5.0 (X11; Linux x86_64) AppleWebKit/537.36 (KHTML, like Gecko) Chrome/87.0.4280.88 Safari/537.36"
::1 - - [29/Dec/2020:14:28:42 +0000] "GET /stylesheets/style.css HTTP/1.1" 304 - "http://localhost:3000/tweets" "Mozilla/5.0 (X11; Linux x86_64) AppleWebKit/537.36 (KHTML, like Gecko) Chrome/87.0.4280.88 Safari/537.36"
::1 - - [29/Dec/2020:14:31:36 +0000] "GET /tweets HTTP/1.1" 200 6075 "-" "Mozilla/5.0 (X11; Linux x86_64) AppleWebKit/537.36 (KHTML, like Gecko) Chrome/87.0.4280.88 Safari/537.36"
::1 - - [29/Dec/2020:14:31:36 +0000] "GET /stylesheets/style.css HTTP/1.1" 304 - "http://localhost:3000/tweets" "Mozilla/5.0 (X11; Linux x86_64) AppleWebKit/537.36 (KHTML, like Gecko) Chrome/87.0.4280.88 Safari/537.36"
::1 - - [29/Dec/2020:14:31:47 +0000] "POST /tweets HTTP/1.1" 200 14 "http://localhost:3000/tweets" "Mozilla/5.0 (X11; Linux x86_64) AppleWebKit/537.36 (KHTML, like Gecko) Chrome/87.0.4280.88 Safari/537.36"
::1 - - [29/Dec/2020:14:31:50 +0000] "GET /tweets HTTP/1.1" 200 6232 "-" "Mozilla/5.0 (X11; Linux x86_64) AppleWebKit/537.36 (KHTML, like Gecko) Chrome/87.0.4280.88 Safari/537.36"
::1 - - [29/Dec/2020:14:31:50 +0000] "GET /stylesheets/style.css HTTP/1.1" 304 - "http://localhost:3000/tweets" "Mozilla/5.0 (X11; Linux x86_64) AppleWebKit/537.36 (KHTML, like Gecko) Chrome/87.0.4280.88 Safari/537.36"
::1 - - [29/Dec/2020:14:34:26 +0000] "GET /tweets HTTP/1.1" 200 6126 "-" "Mozilla/5.0 (X11; Linux x86_64) AppleWebKit/537.36 (KHTML, like Gecko) Chrome/87.0.4280.88 Safari/537.36"
::1 - - [29/Dec/2020:14:34:27 +0000] "GET /stylesheets/style.css HTTP/1.1" 304 - "http://localhost:3000/tweets" "Mozilla/5.0 (X11; Linux x86_64) AppleWebKit/537.36 (KHTML, like Gecko) Chrome/87.0.4280.88 Safari/537.36"
::1 - - [29/Dec/2020:14:34:28 +0000] "GET /users/Guille%20Scanlan HTTP/1.1" 200 4159 "http://localhost:3000/tweets" "Mozilla/5.0 (X11; Linux x86_64) AppleWebKit/537.36 (KHTML, like Gecko) Chrome/87.0.4280.88 Safari/537.36"
::1 - - [29/Dec/2020:14:34:28 +0000] "GET /stylesheets/style.css HTTP/1.1" 304 - "http://localhost:3000/users/Guille%20Scanlan" "Mozilla/5.0 (X11; Linux x86_64) AppleWebKit/537.36 (KHTML, like Gecko) Chrome/87.0.4280.88 Safari/537.36"
::1 - - [29/Dec/2020:14:37:20 +0000] "GET /tweets HTTP/1.1" 200 6075 "-" "Mozilla/5.0 (X11; Linux x86_64) AppleWebKit/537.36 (KHTML, like Gecko) Chrome/87.0.4280.88 Safari/537.36"
::1 - - [29/Dec/2020:14:37:20 +0000] "GET /stylesheets/style.css HTTP/1.1" 304 - "http://localhost:3000/tweets" "Mozilla/5.0 (X11; Linux x86_64) AppleWebKit/537.36 (KHTML, like Gecko) Chrome/87.0.4280.88 Safari/537.36"
::1 - - [29/Dec/2020:14:37:21 +0000] "GET /stylesheets/style.css HTTP/1.1" 304 - "http://localhost:3000/tweets" "Mozilla/5.0 (X11; Linux x86_64) AppleWebKit/537.36 (KHTML, like Gecko) Chrome/87.0.4280.88 Safari/537.36"
::1 - - [29/Dec/2020:14:37:27 +0000] "POST /tweets HTTP/1.1" 302 46 "http://localhost:3000/tweets" "Mozilla/5.0 (X11; Linux x86_64) AppleWebKit/537.36 (KHTML, like Gecko) Chrome/87.0.4280.88 Safari/537.36"
::1 - - [29/Dec/2020:14:37:27 +0000] "GET / HTTP/1.1" 200 6190 "http://localhost:3000/tweets" "Mozilla/5.0 (X11; Linux x86_64) AppleWebKit/537.36 (KHTML, like Gecko) Chrome/87.0.4280.88 Safari/537.36"
::1 - - [29/Dec/2020:14:37:27 +0000] "GET /stylesheets/style.css HTTP/1.1" 304 - "http://localhost:3000/" "Mozilla/5.0 (X11; Linux x86_64) AppleWebKit/537.36 (KHTML, like Gecko) Chrome/87.0.4280.88 Safari/537.36"
::1 - - [29/Dec/2020:14:37:30 +0000] "GET /users/Solano%20Fisicaro HTTP/1.1" 200 4148 "http://localhost:3000/" "Mozilla/5.0 (X11; Linux x86_64) AppleWebKit/537.36 (KHTML, like Gecko) Chrome/87.0.4280.88 Safari/537.36"
::1 - - [29/Dec/2020:14:37:30 +0000] "GET /stylesheets/style.css HTTP/1.1" 304 - "http://localhost:3000/users/Solano%20Fisicaro" "Mozilla/5.0 (X11; Linux x86_64) AppleWebKit/537.36 (KHTML, like Gecko) Chrome/87.0.4280.88 Safari/537.36"
::1 - - [29/Dec/2020:14:37:35 +0000] "POST /tweets HTTP/1.1" 302 46 "http://localhost:3000/users/Solano%20Fisicaro" "Mozilla/5.0 (X11; Linux x86_64) AppleWebKit/537.36 (KHTML, like Gecko) Chrome/87.0.4280.88 Safari/537.36"
::1 - - [29/Dec/2020:14:37:35 +0000] "GET / HTTP/1.1" 200 6334 "http://localhost:3000/users/Solano%20Fisicaro" "Mozilla/5.0 (X11; Linux x86_64) AppleWebKit/537.36 (KHTML, like Gecko) Chrome/87.0.4280.88 Safari/537.36"
::1 - - [29/Dec/2020:14:37:35 +0000] "GET /stylesheets/style.css HTTP/1.1" 304 - "http://localhost:3000/" "Mozilla/5.0 (X11; Linux x86_64) AppleWebKit/537.36 (KHTML, like Gecko) Chrome/87.0.4280.88 Safari/537.36"
